c:\users\stephen\desktop\goldentown\bin\interm\release\golden town.pch
c:\users\stephen\desktop\goldentown\bin\interm\release\vc143.pdb
c:\users\stephen\desktop\goldentown\bin\interm\release\pch.obj
c:\users\stephen\desktop\goldentown\bin\interm\release\tutorial.obj
c:\users\stephen\desktop\goldentown\bin\interm\release\shop.obj
c:\users\stephen\desktop\goldentown\bin\interm\release\scoreboard.obj
c:\users\stephen\desktop\goldentown\bin\interm\release\player.obj
c:\users\stephen\desktop\goldentown\bin\interm\release\map.obj
c:\users\stephen\desktop\goldentown\bin\interm\release\mainmenu.obj
c:\users\stephen\desktop\goldentown\bin\interm\release\main.obj
c:\users\stephen\desktop\goldentown\bin\interm\release\gamestate.obj
c:\users\stephen\desktop\goldentown\bin\interm\release\gamedata.obj
c:\users\stephen\desktop\goldentown\bin\interm\release\game.obj
c:\users\stephen\desktop\goldentown\bin\interm\release\enemy.obj
c:\users\stephen\desktop\goldentown\bin\interm\release\collectiblefactory.obj
c:\users\stephen\desktop\goldentown\bin\exe\release\golden town.exe
c:\users\stephen\desktop\goldentown\bin\exe\release\golden town.pdb
c:\users\stephen\desktop\goldentown\bin\interm\release\golden town.iobj
c:\users\stephen\desktop\goldentown\bin\interm\release\golden town.res
c:\users\stephen\desktop\goldentown\bin\interm\release\golden town.ipdb
c:\users\stephen\desktop\goldentown\bin\interm\release\golden town.vcxproj.filelistabsolute.txt
c:\users\stephen\desktop\goldentown\bin\interm\release\golden town.tlog\cl.command.1.tlog
c:\users\stephen\desktop\goldentown\bin\interm\release\golden town.tlog\cl.read.1.tlog
c:\users\stephen\desktop\goldentown\bin\interm\release\golden town.tlog\cl.write.1.tlog
c:\users\stephen\desktop\goldentown\bin\interm\release\golden town.tlog\link.command.1.tlog
c:\users\stephen\desktop\goldentown\bin\interm\release\golden town.tlog\link.read.1.tlog
c:\users\stephen\desktop\goldentown\bin\interm\release\golden town.tlog\link.write.1.tlog
c:\users\stephen\desktop\goldentown\bin\interm\release\golden town.tlog\rc.command.1.tlog
c:\users\stephen\desktop\goldentown\bin\interm\release\golden town.tlog\rc.read.1.tlog
c:\users\stephen\desktop\goldentown\bin\interm\release\golden town.tlog\rc.write.1.tlog
